<?xml version="1.0" encoding="UTF-8"?>
<!-- Generated by org.testng.reporters.JUnitReportReporter -->
<testsuite hostname="archlinux" failures="0" tests="1" name="org.example.FormTest" time="21.132" errors="0" timestamp="2024-11-11T15:57:09 EET" skipped="0">
  <testcase classname="org.example.FormTest" name="FormFillingTest" time="21.132"/>
</testsuite> <!-- org.example.FormTest -->
